[15:19:53] [main/INFO]: Loading Minecraft 1.21.8 with Fabric Loader 0.18.0
[15:19:53] [main/INFO]: Loading 62 mods:
	- appleskin 3.0.6+mc1.21.6
	   \-- cloth-config 19.0.147
	        \-- cloth-basic-math 0.6.1
	- entity_model_features 3.0.1
	- entity_texture_features 7.0.2
	   \-- org_apache_httpcomponents_httpmime 4.5.10
	- fabric-api 0.136.1+1.21.8
	   |-- fabric-api-base 0.5.0+cd8c0daa2c
	   |-- fabric-api-lookup-api-v1 1.6.101+946bf4c32c
	   |-- fabric-biome-api-v1 16.1.0+c21d71cc2c
	   |-- fabric-block-api-v1 1.1.3+946bf4c32c
	   |-- fabric-block-view-api-v2 1.0.31+946bf4c32c
	   |-- fabric-command-api-v2 2.3.1+52fff9ec2c
	   |-- fabric-content-registries-v0 10.1.0+c75de69d2c
	   |-- fabric-convention-tags-v1 2.1.41+7f945d5b2c
	   |-- fabric-convention-tags-v2 2.15.6+eb5df52f2c
	   |-- fabric-crash-report-info-v1 0.3.15+946bf4c32c
	   |-- fabric-data-attachment-api-v1 1.8.14+97214db32c
	   |-- fabric-data-generation-api-v1 23.2.8+2e1c6d322c
	   |-- fabric-dimensions-v1 4.0.20+948fc79a2c
	   |-- fabric-entity-events-v1 2.1.2+c9e472732c
	   |-- fabric-events-interaction-v0 4.0.26+946bf4c32c
	   |-- fabric-game-rule-api-v1 1.0.73+c64c9c5b2c
	   |-- fabric-item-api-v1 11.5.0+02ce13f42c
	   |-- fabric-item-group-api-v1 4.2.14+c5f9bbc12c
	   |-- fabric-key-binding-api-v1 1.0.65+946bf4c32c
	   |-- fabric-lifecycle-events-v1 2.6.4+db4dfd852c
	   |-- fabric-loot-api-v2 3.0.56+3f89f5a52c
	   |-- fabric-loot-api-v3 2.0.3+946bf4c32c
	   |-- fabric-message-api-v1 6.1.2+946bf4c32c
	   |-- fabric-model-loading-api-v1 5.2.8+946bf4c32c
	   |-- fabric-networking-api-v1 5.1.0+57cb96dd2c
	   |-- fabric-object-builder-api-v1 21.1.10+946bf4c32c
	   |-- fabric-particles-v1 4.1.10+946bf4c32c
	   |-- fabric-recipe-api-v1 8.1.17+946bf4c32c
	   |-- fabric-registry-sync-v0 6.1.30+946bf4c32c
	   |-- fabric-renderer-api-v1 7.0.5+208eed172c
	   |-- fabric-renderer-indigo 4.0.5+946bf4c32c
	   |-- fabric-rendering-fluids-v1 3.1.31+fa6cb72b2c
	   |-- fabric-rendering-v1 12.6.0+486b7ff72c
	   |-- fabric-resource-conditions-api-v1 5.0.25+98e6d6db2c
	   |-- fabric-resource-loader-v0 3.1.12+020423442c
	   |-- fabric-screen-api-v1 2.2.0+e0cb65d02c
	   |-- fabric-screen-handler-api-v1 1.3.139+946bf4c32c
	   |-- fabric-serialization-api-v1 1.0.0+fc0e5aba2c
	   |-- fabric-sound-api-v1 1.0.42+946bf4c32c
	   |-- fabric-tag-api-v1 1.2.2+946bf4c32c
	   |-- fabric-transfer-api-v1 6.0.6+946bf4c32c
	   \-- fabric-transitive-access-wideners-v1 6.5.0+c847ce762c
	- fabricloader 0.18.0
	   \-- mixinextras 0.5.0
	- iris 1.9.6+mc1.21.8
	   |-- io_github_douira_glsl-transformer 3.0.0-pre3
	   |-- org_anarres_jcpp 1.4.14
	   \-- org_antlr_antlr4-runtime 4.13.1
	- java 21
	- minecraft 1.21.8
	- modmenu 15.0.0
	   \-- placeholder-api 2.7.2+1.21.8
	- reeses-sodium-options 1.8.4+mc1.21.6
	- sodium 0.7.3+mc1.21.8
	- sodium-extra 0.7.0+mc1.21.8
[15:19:56] [main/INFO]: SpongePowered MIXIN Subsystem Version=0.8.7 Source=file:/C:/Users/amdev/AppData/Roaming/.minecraft/libraries/net/fabricmc/sponge-mixin/0.16.5+mixin.0.8.7/sponge-mixin-0.16.5+mixin.0.8.7.jar Service=Knot/Fabric Env=CLIENT
[15:20:01] [main/INFO]: Compatibility level set to JAVA_21
[15:20:02] [main/WARN]: Reference map 'iris.refmap.json' for mixins.iris.json could not be read. If this is a development environment you can ignore this message
[15:20:02] [main/WARN]: Reference map 'iris-fabric.refmap.json' for mixins.iris.fabric.json could not be read. If this is a development environment you can ignore this message
[15:20:02] [main/WARN]: Reference map 'iris.refmap.json' for iris-batched-entity-rendering.mixins.json could not be read. If this is a development environment you can ignore this message
[15:20:02] [main/WARN]: Reference map 'iris.refmap.json' for mixins.iris.fantastic.json could not be read. If this is a development environment you can ignore this message
[15:20:02] [main/WARN]: Reference map 'iris.refmap.json' for mixins.iris.vertexformat.json could not be read. If this is a development environment you can ignore this message
[15:20:02] [main/WARN]: Reference map 'iris.refmap.json' for mixins.iris.bettermipmaps.json could not be read. If this is a development environment you can ignore this message
[15:20:02] [main/WARN]: Reference map 'iris.refmap.json' for mixins.iris.compat.sodium.json could not be read. If this is a development environment you can ignore this message
[15:20:02] [main/WARN]: Reference map 'iris.refmap.json' for mixins.iris.fixes.maxfpscrash.json could not be read. If this is a development environment you can ignore this message
[15:20:02] [main/INFO]: Loaded configuration file for Sodium: 42 options available, 1 override(s) found
[15:20:02] [main/INFO]: Loaded configuration file for Sodium Extra: 33 options available, 0 override(s) found
[15:20:03] [main/WARN]: Error loading class: net/raphimc/immediatelyfast/feature/core/BatchableBufferSource (java.lang.ClassNotFoundException: net/raphimc/immediatelyfast/feature/core/BatchableBufferSource)
[15:20:03] [main/WARN]: Error loading class: dev/tr7zw/skinlayers/render/CustomizableModelPart (java.lang.ClassNotFoundException: dev/tr7zw/skinlayers/render/CustomizableModelPart)
[15:20:04] [main/WARN]: Force-disabling mixin 'features.render.world.sky.FogRendererMixin' as rule 'mixin.features.render.world.sky' (added by mods [iris]) disables it and children
[15:20:04] [main/WARN]: Force-disabling mixin 'features.render.world.sky.ClientLevelMixin' as rule 'mixin.features.render.world.sky' (added by mods [iris]) disables it and children
[15:20:04] [main/WARN]: Force-disabling mixin 'features.render.world.sky.LevelRendererMixin' as rule 'mixin.features.render.world.sky' (added by mods [iris]) disables it and children
[15:20:04] [main/INFO]: Searching for graphics cards...
[15:20:05] [main/INFO]: Found graphics adapter: AdapterInfo{vendor=NVIDIA, description='NVIDIA GeForce GT 1030', adapterType=0x0000031B, openglIcdFilePath='C:\WINDOWS\System32\DriverStore\FileRepository\nv_dispi.inf_amd64_20ae8f14a487d5db\nvoglv64.dll', openglIcdVersion=32.0.15.8180}
[15:20:05] [main/WARN]: Sodium has applied one or more workarounds to prevent crashes or other issues on your system: [NVIDIA_THREADED_OPTIMIZATIONS_BROKEN]
[15:20:05] [main/WARN]: This is not necessarily an issue, but it may result in certain features or optimizations being disabled. You can sometimes fix these issues by upgrading your graphics driver.
[15:20:06] [main/INFO]: Initializing MixinExtras via com.llamalad7.mixinextras.service.MixinExtrasServiceImpl(version=0.5.0).
[15:20:11] [Datafixer Bootstrap/INFO]: 269 Datafixer optimizations took 2652 milliseconds
[15:20:24] [main/WARN]: Invalid UUID: '
[15:20:25] [Render thread/INFO]: Environment: Environment[sessionHost=https://sessionserver.mojang.com, servicesHost=https://api.minecraftservices.com, name=PROD]
[15:20:25] [Render thread/INFO]: Setting user: uFeat
[15:20:25] [Render thread/INFO]: [ETF]: Modifying ETF Render State constructor because: for EMF
[15:20:25] [Render thread/INFO]: Loading Entity Model Features, yes EMF breaks your resource pack, on purpose >:). There are 300 lines of code dedicated just for detecting if it is you specifically and if your favourite resource pack is installed, then EMF breaks it >:)
/s
[15:20:26] [Render thread/INFO]: [ETF]: 6 new ETF Random Properties registered by entity_model_features
[15:20:26] [Render thread/INFO]: Loading Entity Texture Features, breaking your resource packs since 17 Jan 2022.
[15:20:26] [Render thread/INFO]: [Indigo] Different rendering plugin detected; not applying Indigo.
[15:20:26] [Render thread/INFO]: Checking mod updates...
[15:20:27] [Download-2/ERROR]: Failed to fetch user properties
com.mojang.authlib.exceptions.InvalidCredentialsException: Status: 401
	at knot/com.mojang.authlib.exceptions.MinecraftClientHttpException.toAuthenticationException(MinecraftClientHttpException.java:59) ~[authlib-6.0.58.jar:?]
	at knot/com.mojang.authlib.yggdrasil.YggdrasilUserApiService.fetchProperties(YggdrasilUserApiService.java:150) ~[authlib-6.0.58.jar:?]
	at knot/net.minecraft.class_310.method_55608(class_310.java:463) ~[client-intermediary.jar:?]
	at java.base/java.util.concurrent.CompletableFuture$AsyncSupply.run(CompletableFuture.java:1768) ~[?:?]
	at java.base/java.util.concurrent.ThreadPoolExecutor.runWorker(ThreadPoolExecutor.java:1144) ~[?:?]
	at java.base/java.util.concurrent.ThreadPoolExecutor$Worker.run(ThreadPoolExecutor.java:642) ~[?:?]
	at java.base/java.lang.Thread.run(Thread.java:1583) [?:?]
Caused by: com.mojang.authlib.exceptions.MinecraftClientHttpException: Status: 401
	at knot/com.mojang.authlib.minecraft.client.MinecraftClient.readInputStream(MinecraftClient.java:103) ~[authlib-6.0.58.jar:?]
	at knot/com.mojang.authlib.minecraft.client.MinecraftClient.get(MinecraftClient.java:56) ~[authlib-6.0.58.jar:?]
	at knot/com.mojang.authlib.yggdrasil.YggdrasilUserApiService.fetchProperties(YggdrasilUserApiService.java:121) ~[authlib-6.0.58.jar:?]
	... 5 more
[15:20:27] [ModMenu/Update Checker/Fabric Loader/INFO]: Update available for 'fabricloader@0.18.0'
[15:20:27] [Worker-Main-1/INFO]: Update available for 'entity_model_features@3.0.1', (-> 3.0.10-fabric-1.21.6)
[15:20:27] [Worker-Main-1/INFO]: Update available for 'entity_texture_features@7.0.2', (-> 7.0.8-fabric-1.21.6)
[15:20:27] [ForkJoinPool.commonPool-worker-1/WARN]: [Iris Update Check] This version doesn't have an update index, skipping.
[15:20:27] [Render thread/INFO]: Backend library: LWJGL version 3.3.3-snapshot
[15:20:27] [Render thread/WARN]: Detected unexpected shutdown during last game startup: resetting fullscreen mode
[15:20:28] [Render thread/INFO]: Modifying process environment to apply workarounds for the NVIDIA graphics driver...
[15:20:29] [Render thread/INFO]: Debug functionality is disabled.
[15:20:29] [Render thread/INFO]: ARB_direct_state_access detected, enabling DSA.
[15:20:30] [Render thread/INFO]: Profile: NORMAL (+2 options changed by user)
[15:20:30] [Render thread/INFO]: Using shaderpack: miniature-shader-2.18.5.zip
[15:20:30] [Render thread/INFO]: OpenGL Vendor: NVIDIA Corporation
[15:20:30] [Render thread/INFO]: OpenGL Renderer: NVIDIA GeForce GT 1030/PCIe/SSE2
[15:20:30] [Render thread/INFO]: OpenGL Version: 3.2.0 NVIDIA 581.80
[15:20:30] [Render thread/INFO]: Modifying OpenGL context to apply workarounds for the NVIDIA graphics driver...
[15:20:30] [Render thread/INFO]: Enabling GL_DEBUG_OUTPUT_SYNCHRONOUS to force the NVIDIA driver to disable threaded command submission
[15:20:30] [Render thread/INFO]: Using optional rendering extensions: GL_ARB_buffer_storage, GL_KHR_debug, GL_ARB_vertex_attrib_binding, GL_ARB_direct_state_access
[15:20:33] [Render thread/INFO]: Hardware information:
[15:20:33] [Render thread/INFO]: CPU: 4x Intel(R) Core(TM) i5-4670S CPU @ 3.10GHz
[15:20:33] [Render thread/INFO]: GPU: NVIDIA GeForce GT 1030/PCIe/SSE2 (Supports OpenGL 3.2.0 NVIDIA 581.80)
[15:20:33] [Render thread/INFO]: OS: Windows 11 (10.0)
[15:20:34] [Render thread/INFO]: Reloading ResourceManager: vanilla, fabric, appleskin, cloth-config, entity_model_features, entity_texture_features, fabric-api, fabric-api-base, fabric-api-lookup-api-v1, fabric-biome-api-v1, fabric-block-api-v1, fabric-block-view-api-v2, fabric-command-api-v2, fabric-content-registries-v0, fabric-convention-tags-v1, fabric-convention-tags-v2, fabric-crash-report-info-v1, fabric-data-attachment-api-v1, fabric-data-generation-api-v1, fabric-dimensions-v1, fabric-entity-events-v1, fabric-events-interaction-v0, fabric-game-rule-api-v1, fabric-item-api-v1, fabric-item-group-api-v1, fabric-key-binding-api-v1, fabric-lifecycle-events-v1, fabric-loot-api-v2, fabric-loot-api-v3, fabric-message-api-v1, fabric-model-loading-api-v1, fabric-networking-api-v1, fabric-object-builder-api-v1, fabric-particles-v1, fabric-recipe-api-v1, fabric-registry-sync-v0, fabric-renderer-api-v1, fabric-renderer-indigo, fabric-rendering-fluids-v1, fabric-rendering-v1, fabric-resource-conditions-api-v1, fabric-resource-loader-v0, fabric-screen-api-v1, fabric-screen-handler-api-v1, fabric-serialization-api-v1, fabric-sound-api-v1, fabric-tag-api-v1, fabric-transfer-api-v1, fabric-transitive-access-wideners-v1, fabricloader, iris, modmenu, placeholder-api, reeses-sodium-options, sodium, sodium-extra
[15:20:34] [Download-1/INFO]: Could not authorize you against Realms server: javax.ws.rs.BadRequestException: Invalid session
[15:20:34] [Download-1/ERROR]: Failed to fetch Realms feature flags
net.minecraft.class_4355: Realms authentication error with message 'javax.ws.rs.BadRequestException: Invalid session'
	at knot/net.minecraft.class_4341.method_20998(class_4341.java:538) ~[client-intermediary.jar:?]
	at knot/net.minecraft.class_4341.method_68466(class_4341.java:191) ~[client-intermediary.jar:?]
	at java.base/java.util.concurrent.CompletableFuture$AsyncSupply.run(CompletableFuture.java:1768) ~[?:?]
	at java.base/java.util.concurrent.ThreadPoolExecutor.runWorker(ThreadPoolExecutor.java:1144) ~[?:?]
	at java.base/java.util.concurrent.ThreadPoolExecutor$Worker.run(ThreadPoolExecutor.java:642) ~[?:?]
	at java.base/java.lang.Thread.run(Thread.java:1583) [?:?]
[15:20:35] [Worker-Main-2/INFO]: Found unifont_all_no_pua-16.0.03.hex, loading
[15:20:35] [Worker-Main-1/INFO]: Found unifont_pua-16.0.03.hex, loading
[15:20:36] [Worker-Main-2/INFO]: Found unifont_jp_patch-16.0.03.hex, loading
[15:20:40] [Render thread/INFO]: OpenAL initialized on device OpenAL Soft on Speaker (Jabra Evolve2 40)
[15:20:40] [Render thread/INFO]: Sound engine started
[15:20:40] [Render thread/INFO]: Created: 1024x512x4 minecraft:textures/atlas/blocks.png-atlas
[15:20:40] [Render thread/INFO]: Created: 256x256x4 minecraft:textures/atlas/signs.png-atlas
[15:20:40] [Render thread/INFO]: Created: 512x512x4 minecraft:textures/atlas/shield_patterns.png-atlas
[15:20:40] [Render thread/INFO]: Created: 512x512x4 minecraft:textures/atlas/banner_patterns.png-atlas
[15:20:40] [Render thread/INFO]: Created: 2048x1024x4 minecraft:textures/atlas/armor_trims.png-atlas
[15:20:40] [Render thread/INFO]: Created: 128x64x4 minecraft:textures/atlas/decorated_pot.png-atlas
[15:20:40] [Render thread/INFO]: Created: 256x256x4 minecraft:textures/atlas/chest.png-atlas
[15:20:40] [Render thread/INFO]: Created: 512x256x4 minecraft:textures/atlas/shulker_boxes.png-atlas
[15:20:40] [Render thread/INFO]: Created: 512x256x4 minecraft:textures/atlas/beds.png-atlas
[15:20:40] [Render thread/INFO]: Created: 64x64x0 minecraft:textures/atlas/map_decorations.png-atlas
[15:20:41] [Render thread/INFO]: Created: 512x256x0 minecraft:textures/atlas/particles.png-atlas
[15:20:42] [Render thread/INFO]: Created: 512x256x0 minecraft:textures/atlas/paintings.png-atlas
[15:20:42] [Render thread/INFO]: Created: 1024x512x0 minecraft:textures/atlas/gui.png-atlas
[15:20:42] [Render thread/INFO]: [ETF]: reloading ETF data.
[15:20:42] [Render thread/INFO]: [ETF]: emissive suffixes loaded: {_e}
[15:20:42] [Render thread/INFO]: [ETF]: emissive suffixes loaded: {_e}
[15:20:42] [Render thread/INFO]: Creating pipeline for dimension minecraft:overworld
[15:20:42] [IO-Worker-1/INFO]: Could not authorize you against Realms server: javax.ws.rs.BadRequestException: Invalid session
[15:20:42] [IO-Worker-1/ERROR]: Couldn't connect to realms
net.minecraft.class_4355: Realms authentication error with message 'javax.ws.rs.BadRequestException: Invalid session'
	at knot/net.minecraft.class_4341.method_20998(class_4341.java:538) ~[client-intermediary.jar:?]
	at knot/net.minecraft.class_4341.method_21027(class_4341.java:318) ~[client-intermediary.jar:?]
	at knot/net.minecraft.class_8647.method_52627(class_8647.java:51) ~[client-intermediary.jar:?]
	at java.base/java.util.concurrent.CompletableFuture$AsyncSupply.run(CompletableFuture.java:1768) ~[?:?]
	at java.base/java.util.concurrent.ThreadPoolExecutor.runWorker(ThreadPoolExecutor.java:1144) ~[?:?]
	at java.base/java.util.concurrent.ThreadPoolExecutor$Worker.run(ThreadPoolExecutor.java:642) ~[?:?]
	at java.base/java.lang.Thread.run(Thread.java:1583) [?:?]
[15:20:45] [Render thread/ERROR]: [clouds] Wrong uniform type for isEyeInWater: Iris is providing INT but the program expects VEC3. Disabling that uniform.
[15:20:45] [Render thread/ERROR]: [clouds_sodium] Wrong uniform type for isEyeInWater: Iris is providing INT but the program expects VEC3. Disabling that uniform.
[15:20:55] [Render thread/INFO]: Stopping!
[15:20:56] [Render thread/INFO]: [ETF]: emissive suffixes loaded: {_e}
